[0.107s] DEBUG:colcon:Command line arguments: ['/usr/bin/colcon', 'list', '-p', '--base-paths', '/home/sanjay/ros2_ws/src', '--log-base', '/dev/null']
[0.107s] DEBUG:colcon:Parsed command line arguments: Namespace(log_base=None, log_level=None, verb_name='list', build_base='build', ignore_user_meta=False, metas=['./colcon.meta'], base_paths=['/home/sanjay/ros2_ws/src', '--log-base', '/dev/null'], packages_ignore=None, packages_ignore_regex=None, paths=None, packages_up_to=None, packages_up_to_regex=None, packages_above=None, packages_above_and_dependencies=None, packages_above_depth=None, packages_select_by_dep=None, packages_skip_by_dep=None, packages_skip_up_to=None, packages_select_build_failed=False, packages_skip_build_finished=False, packages_select_test_failures=False, packages_skip_test_passed=False, packages_select=None, packages_skip=None, packages_select_regex=None, packages_skip_regex=None, packages_start=None, packages_end=None, allow_overriding=[], topological_order=False, names_only=False, paths_only=True, topological_graph=False, topological_graph_dot=False, topological_graph_density=False, topological_graph_legend=False, topological_graph_dot_cluster=False, topological_graph_dot_include_skipped=False, mixin_files=None, mixin=None, verb_parser=<colcon_mixin.mixin.mixin_argument.MixinArgumentDecorator object at 0x75c046c87130>, verb_extension=<colcon_package_information.verb.list.ListVerb object at 0x75c046c861a0>, main=<bound method ListVerb.main of <colcon_package_information.verb.list.ListVerb object at 0x75c046c861a0>>, mixin_verb=('list',))
[0.264s] Level 1:colcon.colcon_core.package_discovery:discover_packages(colcon_meta) check parameters
[0.264s] Level 1:colcon.colcon_core.package_discovery:discover_packages(recursive) check parameters
[0.264s] Level 1:colcon.colcon_core.package_discovery:discover_packages(ignore) check parameters
[0.264s] Level 1:colcon.colcon_core.package_discovery:discover_packages(path) check parameters
[0.264s] Level 1:colcon.colcon_core.package_discovery:discover_packages(recursive) discover
[0.264s] INFO:colcon.colcon_core.package_discovery:Crawling recursively for packages in '/home/sanjay/ros2_ws/src', '/home/sanjay/ros2_ws/src/--log-base', '/dev/null'
[0.264s] Level 1:colcon.colcon_core.package_identification:_identify(/home/sanjay/ros2_ws/src) by extensions ['ignore', 'ignore_ament_install']
[0.264s] Level 1:colcon.colcon_core.package_identification:_identify(/home/sanjay/ros2_ws/src) by extension 'ignore'
[0.264s] Level 1:colcon.colcon_core.package_identification:_identify(/home/sanjay/ros2_ws/src) by extension 'ignore_ament_install'
[0.264s] Level 1:colcon.colcon_core.package_identification:_identify(/home/sanjay/ros2_ws/src) by extensions ['colcon_pkg']
[0.264s] Level 1:colcon.colcon_core.package_identification:_identify(/home/sanjay/ros2_ws/src) by extension 'colcon_pkg'
[0.264s] Level 1:colcon.colcon_core.package_identification:_identify(/home/sanjay/ros2_ws/src) by extensions ['colcon_meta']
[0.264s] Level 1:colcon.colcon_core.package_identification:_identify(/home/sanjay/ros2_ws/src) by extension 'colcon_meta'
[0.264s] Level 1:colcon.colcon_core.package_identification:_identify(/home/sanjay/ros2_ws/src) by extensions ['ros']
[0.264s] Level 1:colcon.colcon_core.package_identification:_identify(/home/sanjay/ros2_ws/src) by extension 'ros'
[0.275s] Level 1:colcon.colcon_core.package_identification:_identify(/home/sanjay/ros2_ws/src) by extensions ['cmake', 'python']
[0.275s] Level 1:colcon.colcon_core.package_identification:_identify(/home/sanjay/ros2_ws/src) by extension 'cmake'
[0.275s] Level 1:colcon.colcon_core.package_identification:_identify(/home/sanjay/ros2_ws/src) by extension 'python'
[0.275s] Level 1:colcon.colcon_core.package_identification:_identify(/home/sanjay/ros2_ws/src) by extensions ['python_setup_py']
[0.275s] Level 1:colcon.colcon_core.package_identification:_identify(/home/sanjay/ros2_ws/src) by extension 'python_setup_py'
[0.275s] Level 1:colcon.colcon_core.package_identification:_identify(/home/sanjay/ros2_ws/src/ai) by extensions ['ignore', 'ignore_ament_install']
[0.276s] Level 1:colcon.colcon_core.package_identification:_identify(/home/sanjay/ros2_ws/src/ai) by extension 'ignore'
[0.276s] Level 1:colcon.colcon_core.package_identification:_identify(/home/sanjay/ros2_ws/src/ai) by extension 'ignore_ament_install'
[0.276s] Level 1:colcon.colcon_core.package_identification:_identify(/home/sanjay/ros2_ws/src/ai) by extensions ['colcon_pkg']
[0.276s] Level 1:colcon.colcon_core.package_identification:_identify(/home/sanjay/ros2_ws/src/ai) by extension 'colcon_pkg'
[0.276s] Level 1:colcon.colcon_core.package_identification:_identify(/home/sanjay/ros2_ws/src/ai) by extensions ['colcon_meta']
[0.276s] Level 1:colcon.colcon_core.package_identification:_identify(/home/sanjay/ros2_ws/src/ai) by extension 'colcon_meta'
[0.276s] Level 1:colcon.colcon_core.package_identification:_identify(/home/sanjay/ros2_ws/src/ai) by extensions ['ros']
[0.276s] Level 1:colcon.colcon_core.package_identification:_identify(/home/sanjay/ros2_ws/src/ai) by extension 'ros'
[0.281s] DEBUG:colcon.colcon_core.package_identification:Package '/home/sanjay/ros2_ws/src/ai' with type 'ros.ament_python' and name 'ai'
[0.281s] Level 1:colcon.colcon_core.package_identification:_identify(/home/sanjay/ros2_ws/src/input) by extensions ['ignore', 'ignore_ament_install']
[0.281s] Level 1:colcon.colcon_core.package_identification:_identify(/home/sanjay/ros2_ws/src/input) by extension 'ignore'
[0.281s] Level 1:colcon.colcon_core.package_identification:_identify(/home/sanjay/ros2_ws/src/input) by extension 'ignore_ament_install'
[0.281s] Level 1:colcon.colcon_core.package_identification:_identify(/home/sanjay/ros2_ws/src/input) by extensions ['colcon_pkg']
[0.282s] Level 1:colcon.colcon_core.package_identification:_identify(/home/sanjay/ros2_ws/src/input) by extension 'colcon_pkg'
[0.282s] Level 1:colcon.colcon_core.package_identification:_identify(/home/sanjay/ros2_ws/src/input) by extensions ['colcon_meta']
[0.282s] Level 1:colcon.colcon_core.package_identification:_identify(/home/sanjay/ros2_ws/src/input) by extension 'colcon_meta'
[0.282s] Level 1:colcon.colcon_core.package_identification:_identify(/home/sanjay/ros2_ws/src/input) by extensions ['ros']
[0.282s] Level 1:colcon.colcon_core.package_identification:_identify(/home/sanjay/ros2_ws/src/input) by extension 'ros'
[0.283s] DEBUG:colcon.colcon_core.package_identification:Package '/home/sanjay/ros2_ws/src/input' with type 'ros.ament_python' and name 'input'
[0.284s] Level 1:colcon.colcon_core.package_identification:_identify(/home/sanjay/ros2_ws/src/log) by extensions ['ignore', 'ignore_ament_install']
[0.284s] Level 1:colcon.colcon_core.package_identification:_identify(/home/sanjay/ros2_ws/src/log) by extension 'ignore'
[0.284s] Level 1:colcon.colcon_core.package_identification:_identify(/home/sanjay/ros2_ws/src/log) ignored
[0.284s] Level 1:colcon.colcon_core.package_identification:_identify(/home/sanjay/ros2_ws/src/remote_control) by extensions ['ignore', 'ignore_ament_install']
[0.284s] Level 1:colcon.colcon_core.package_identification:_identify(/home/sanjay/ros2_ws/src/remote_control) by extension 'ignore'
[0.284s] Level 1:colcon.colcon_core.package_identification:_identify(/home/sanjay/ros2_ws/src/remote_control) by extension 'ignore_ament_install'
[0.284s] Level 1:colcon.colcon_core.package_identification:_identify(/home/sanjay/ros2_ws/src/remote_control) by extensions ['colcon_pkg']
[0.284s] Level 1:colcon.colcon_core.package_identification:_identify(/home/sanjay/ros2_ws/src/remote_control) by extension 'colcon_pkg'
[0.284s] Level 1:colcon.colcon_core.package_identification:_identify(/home/sanjay/ros2_ws/src/remote_control) by extensions ['colcon_meta']
[0.284s] Level 1:colcon.colcon_core.package_identification:_identify(/home/sanjay/ros2_ws/src/remote_control) by extension 'colcon_meta'
[0.284s] Level 1:colcon.colcon_core.package_identification:_identify(/home/sanjay/ros2_ws/src/remote_control) by extensions ['ros']
[0.284s] Level 1:colcon.colcon_core.package_identification:_identify(/home/sanjay/ros2_ws/src/remote_control) by extension 'ros'
[0.285s] DEBUG:colcon.colcon_core.package_identification:Package '/home/sanjay/ros2_ws/src/remote_control' with type 'ros.ament_python' and name 'remote_control'
[0.285s] Level 1:colcon.colcon_core.package_identification:_identify(/home/sanjay/ros2_ws/src/robot_bringup) by extensions ['ignore', 'ignore_ament_install']
[0.285s] Level 1:colcon.colcon_core.package_identification:_identify(/home/sanjay/ros2_ws/src/robot_bringup) by extension 'ignore'
[0.285s] Level 1:colcon.colcon_core.package_identification:_identify(/home/sanjay/ros2_ws/src/robot_bringup) by extension 'ignore_ament_install'
[0.286s] Level 1:colcon.colcon_core.package_identification:_identify(/home/sanjay/ros2_ws/src/robot_bringup) by extensions ['colcon_pkg']
[0.286s] Level 1:colcon.colcon_core.package_identification:_identify(/home/sanjay/ros2_ws/src/robot_bringup) by extension 'colcon_pkg'
[0.286s] Level 1:colcon.colcon_core.package_identification:_identify(/home/sanjay/ros2_ws/src/robot_bringup) by extensions ['colcon_meta']
[0.286s] Level 1:colcon.colcon_core.package_identification:_identify(/home/sanjay/ros2_ws/src/robot_bringup) by extension 'colcon_meta'
[0.286s] Level 1:colcon.colcon_core.package_identification:_identify(/home/sanjay/ros2_ws/src/robot_bringup) by extensions ['ros']
[0.286s] Level 1:colcon.colcon_core.package_identification:_identify(/home/sanjay/ros2_ws/src/robot_bringup) by extension 'ros'
[0.308s] DEBUG:colcon.colcon_core.package_identification:Package '/home/sanjay/ros2_ws/src/robot_bringup' with type 'ros.ament_python' and name 'robot_bringup'
[0.308s] Level 1:colcon.colcon_core.package_identification:_identify(/home/sanjay/ros2_ws/src/ui) by extensions ['ignore', 'ignore_ament_install']
[0.308s] Level 1:colcon.colcon_core.package_identification:_identify(/home/sanjay/ros2_ws/src/ui) by extension 'ignore'
[0.308s] Level 1:colcon.colcon_core.package_identification:_identify(/home/sanjay/ros2_ws/src/ui) by extension 'ignore_ament_install'
[0.308s] Level 1:colcon.colcon_core.package_identification:_identify(/home/sanjay/ros2_ws/src/ui) by extensions ['colcon_pkg']
[0.308s] Level 1:colcon.colcon_core.package_identification:_identify(/home/sanjay/ros2_ws/src/ui) by extension 'colcon_pkg'
[0.308s] Level 1:colcon.colcon_core.package_identification:_identify(/home/sanjay/ros2_ws/src/ui) by extensions ['colcon_meta']
[0.308s] Level 1:colcon.colcon_core.package_identification:_identify(/home/sanjay/ros2_ws/src/ui) by extension 'colcon_meta'
[0.308s] Level 1:colcon.colcon_core.package_identification:_identify(/home/sanjay/ros2_ws/src/ui) by extensions ['ros']
[0.308s] Level 1:colcon.colcon_core.package_identification:_identify(/home/sanjay/ros2_ws/src/ui) by extension 'ros'
[0.309s] DEBUG:colcon.colcon_core.package_identification:Package '/home/sanjay/ros2_ws/src/ui' with type 'ros.ament_python' and name 'ui'
[0.309s] Level 1:colcon.colcon_core.package_discovery:discover_packages(recursive) using defaults
